
> goviddo@0.0.0 start /Users/mac/Desktop/Govidddo/Product/product/AppLayer
> node app.js

Server running on port: 3000
Re-connected to database
Re-connected to database
Re-connected to database

> goviddo@0.0.0 start /Users/mac/Desktop/Govidddo/Product/product/AppLayer
> node app.js

events.js:174
      throw er; // Unhandled 'error' event
      ^

Error: listen EADDRINUSE: address already in use :::3000
    at Server.setupListenHandle [as _listen2] (net.js:1277:14)
    at listenInCluster (net.js:1325:12)
    at Server.listen (net.js:1412:7)
    at Function.listen (/Users/mac/Desktop/Govidddo/Product/product/AppLayer/node_modules/express/lib/application.js:618:24)
    at Object.<anonymous> (/Users/mac/Desktop/Govidddo/Product/product/AppLayer/app.js:65:5)
    at Module._compile (internal/modules/cjs/loader.js:689:30)
    at Object.Module._extensions..js (internal/modules/cjs/loader.js:700:10)
    at Module.load (internal/modules/cjs/loader.js:599:32)
    at tryModuleLoad (internal/modules/cjs/loader.js:538:12)
    at Function.Module._load (internal/modules/cjs/loader.js:530:3)
Emitted 'error' event at:
    at emitErrorNT (net.js:1304:8)
    at process._tickCallback (internal/process/next_tick.js:63:19)
    at Function.Module.runMain (internal/modules/cjs/loader.js:745:11)
    at startup (internal/bootstrap/node.js:283:19)
    at bootstrapNodeJSCore (internal/bootstrap/node.js:743:3)
npm ERR! code ELIFECYCLE
npm ERR! errno 1
npm ERR! goviddo@0.0.0 start: `node app.js`
npm ERR! Exit status 1
npm ERR! 
npm ERR! Failed at the goviddo@0.0.0 start script.
npm ERR! This is probably not a problem with npm. There is likely additional logging output above.

npm ERR! A complete log of this run can be found in:
npm ERR!     /Users/mac/.npm/_logs/2019-03-06T06_08_35_834Z-debug.log
Re-connected to database

> goviddo@0.0.0 start /Users/mac/Desktop/Govidddo/Product/product/AppLayer
> node app.js

events.js:174
      throw er; // Unhandled 'error' event
      ^

Error: listen EADDRINUSE: address already in use :::3000
    at Server.setupListenHandle [as _listen2] (net.js:1277:14)
    at listenInCluster (net.js:1325:12)
    at Server.listen (net.js:1412:7)
    at Function.listen (/Users/mac/Desktop/Govidddo/Product/product/AppLayer/node_modules/express/lib/application.js:618:24)
    at Object.<anonymous> (/Users/mac/Desktop/Govidddo/Product/product/AppLayer/app.js:65:5)
    at Module._compile (internal/modules/cjs/loader.js:689:30)
    at Object.Module._extensions..js (internal/modules/cjs/loader.js:700:10)
    at Module.load (internal/modules/cjs/loader.js:599:32)
    at tryModuleLoad (internal/modules/cjs/loader.js:538:12)
    at Function.Module._load (internal/modules/cjs/loader.js:530:3)
Emitted 'error' event at:
    at emitErrorNT (net.js:1304:8)
    at process._tickCallback (internal/process/next_tick.js:63:19)
    at Function.Module.runMain (internal/modules/cjs/loader.js:745:11)
    at startup (internal/bootstrap/node.js:283:19)
    at bootstrapNodeJSCore (internal/bootstrap/node.js:743:3)
npm ERR! code ELIFECYCLE
npm ERR! errno 1
npm ERR! goviddo@0.0.0 start: `node app.js`
npm ERR! Exit status 1
npm ERR! 
npm ERR! Failed at the goviddo@0.0.0 start script.
npm ERR! This is probably not a problem with npm. There is likely additional logging output above.

npm ERR! A complete log of this run can be found in:
npm ERR!     /Users/mac/.npm/_logs/2019-03-06T06_08_51_274Z-debug.log
Re-connected to database
npm ERR! missing script: stop

npm ERR! A complete log of this run can be found in:
npm ERR!     /Users/mac/.npm/_logs/2019-03-06T06_09_07_235Z-debug.log
Re-connected to database
Re-connected to database
Re-connected to database
Re-connected to database
Re-connected to database
Re-connected to database
Re-connected to database
Re-connected to database
Re-connected to database
Re-connected to database
Re-connected to database
Re-connected to database
Re-connected to database
Re-connected to database
Re-connected to database
Re-connected to database
Re-connected to database
Re-connected to database
Re-connected to database
Re-connected to database
Re-connected to database
Re-connected to database
Re-connected to database
Re-connected to database
Re-connected to database
Re-connected to database
Re-connected to database
Re-connected to database
Re-connected to database
Re-connected to database
Re-connected to database
Re-connected to database
Re-connected to database
Re-connected to database
Re-connected to database
Re-connected to database
Re-connected to database
Re-connected to database
Re-connected to database
Re-connected to database
Re-connected to database
Re-connected to database
Re-connected to database
Re-connected to database
Re-connected to database
Re-connected to database
Re-connected to database
Re-connected to database
Re-connected to database
Re-connected to database
Re-connected to database
Re-connected to database
Re-connected to database
Re-connected to database
Re-connected to database
Re-connected to database
Re-connected to database
Re-connected to database
Re-connected to database
Re-connected to database
Re-connected to database
Re-connected to database
Re-connected to database
Re-connected to database
Re-connected to database
Re-connected to database
Re-connected to database
Re-connected to database
Re-connected to database
Re-connected to database
Re-connected to database
Re-connected to database
Re-connected to database
Re-connected to database
Re-connected to database
Re-connected to database
Re-connected to database
Re-connected to database
Re-connected to database
Re-connected to database
Re-connected to database
Re-connected to database
Re-connected to database
Re-connected to database
Re-connected to database
Re-connected to database
Re-connected to database
Re-connected to database
Re-connected to database
Re-connected to database
Re-connected to database
Re-connected to database
Re-connected to database
Re-connected to database
Re-connected to database
Re-connected to database
Re-connected to database
Re-connected to database
Re-connected to database
Re-connected to database
Re-connected to database
Re-connected to database
Re-connected to database
Re-connected to database
Re-connected to database
Re-connected to database
Re-connected to database
Re-connected to database
Re-connected to database
Re-connected to database
Re-connected to database
Re-connected to database
Re-connected to database
Re-connected to database
Re-connected to database
Re-connected to database
Re-connected to database
Re-connected to database
Re-connected to database
Re-connected to database
Re-connected to database
Re-connected to database
Re-connected to database
Re-connected to database
Re-connected to database
Re-connected to database
Re-connected to database
Re-connected to database
Re-connected to database
Re-connected to database
Re-connected to database
Re-connected to database
Re-connected to database
Re-connected to database
Re-connected to database
Re-connected to database
Re-connected to database
Re-connected to database
Re-connected to database
Re-connected to database
Re-connected to database
Re-connected to database
Re-connected to database
Re-connected to database
Re-connected to database
Re-connected to database
Re-connected to database
Re-connected to database
Re-connected to database
Re-connected to database
Re-connected to database
Re-connected to database
Re-connected to database
Re-connected to database
Re-connected to database
Re-connected to database
Re-connected to database
Re-connected to database
Re-connected to database
Re-connected to database
Re-connected to database
Re-connected to database
Re-connected to database
Re-connected to database
Re-connected to database
Re-connected to database
Re-connected to database
Re-connected to database
Re-connected to database
Re-connected to database
Re-connected to database
Re-connected to database
Re-connected to database
Re-connected to database
Re-connected to database
Re-connected to database
Re-connected to database
Re-connected to database
Re-connected to database
Re-connected to database
Re-connected to database
Re-connected to database
Re-connected to database
Re-connected to database
Re-connected to database
Re-connected to database
Re-connected to database
Re-connected to database
Re-connected to database
Re-connected to database
Re-connected to database
Re-connected to database
Re-connected to database
Re-connected to database
Re-connected to database
Re-connected to database
Re-connected to database
Re-connected to database
Re-connected to database
Re-connected to database
Re-connected to database
Re-connected to database
Re-connected to database
Re-connected to database
Re-connected to database
Re-connected to database
Re-connected to database
Re-connected to database
Re-connected to database
Re-connected to database
Re-connected to database
Re-connected to database
Re-connected to database
Re-connected to database
Re-connected to database
Re-connected to database
Re-connected to database
Re-connected to database
Re-connected to database
Re-connected to database
Re-connected to database
Re-connected to database
Re-connected to database
Re-connected to database
Re-connected to database
Re-connected to database
Re-connected to database
Re-connected to database
Re-connected to database
Re-connected to database
Re-connected to database
Re-connected to database
Re-connected to database
Re-connected to database
Re-connected to database
Re-connected to database
Re-connected to database
Re-connected to database
Re-connected to database
Re-connected to database
Re-connected to database
Re-connected to database
Re-connected to database
Re-connected to database
Re-connected to database
Re-connected to database
Re-connected to database
Re-connected to database
Re-connected to database
Re-connected to database
Re-connected to database
Re-connected to database
Re-connected to database
Re-connected to database
Re-connected to database
Re-connected to database
Re-connected to database
Re-connected to database
Re-connected to database
Re-connected to database
Re-connected to database
Re-connected to database
Re-connected to database
Re-connected to database
Re-connected to database
Re-connected to database
Re-connected to database
Re-connected to database
Re-connected to database
Re-connected to database
Re-connected to database
Re-connected to database
Re-connected to database
Re-connected to database
Re-connected to database
Re-connected to database
Re-connected to database
Re-connected to database
Re-connected to database
Re-connected to database
Re-connected to database
Re-connected to database
Re-connected to database
Re-connected to database
Re-connected to database
Re-connected to database
Re-connected to database
Re-connected to database
Re-connected to database
Re-connected to database
Re-connected to database
Re-connected to database
Re-connected to database
Re-connected to database
Re-connected to database
Re-connected to database
Re-connected to database
Re-connected to database
Re-connected to database
Re-connected to database
Re-connected to database
Re-connected to database
Re-connected to database
Re-connected to database
Re-connected to database
Re-connected to database
Re-connected to database
Re-connected to database
Re-connected to database
Re-connected to database
Re-connected to database
Re-connected to database
Re-connected to database
Re-connected to database
Re-connected to database
Re-connected to database
Re-connected to database
Re-connected to database
Re-connected to database
Re-connected to database
Re-connected to database
Re-connected to database
Re-connected to database
Re-connected to database
Re-connected to database
Re-connected to database
Re-connected to database
Re-connected to database
Re-connected to database
Re-connected to database
Re-connected to database
Re-connected to database
Re-connected to database
Re-connected to database
Re-connected to database
Re-connected to database
Re-connected to database
Re-connected to database
Re-connected to database
Re-connected to database
Re-connected to database
Re-connected to database
Re-connected to database
Re-connected to database
Re-connected to database
Re-connected to database
Re-connected to database
Re-connected to database
Re-connected to database
Re-connected to database
Re-connected to database
Re-connected to database
Re-connected to database
Re-connected to database
Re-connected to database
Re-connected to database
Re-connected to database
Re-connected to database
Re-connected to database
Re-connected to database
Re-connected to database
Re-connected to database
Re-connected to database
Re-connected to database
Re-connected to database
Re-connected to database
Re-connected to database
Re-connected to database
Re-connected to database
Re-connected to database
Re-connected to database
Re-connected to database
Re-connected to database
Re-connected to database
Re-connected to database
Re-connected to database
Re-connected to database
Re-connected to database
Re-connected to database
Re-connected to database
Re-connected to database
Re-connected to database
Re-connected to database
Re-connected to database
Re-connected to database
Re-connected to database
Re-connected to database
Re-connected to database
Re-connected to database
Re-connected to database
Re-connected to database
Re-connected to database
Re-connected to database
Re-connected to database
Re-connected to database
Re-connected to database
Re-connected to database
Re-connected to database
Re-connected to database
Re-connected to database
Re-connected to database
Re-connected to database
Re-connected to database
Re-connected to database
Re-connected to database
Re-connected to database
Re-connected to database
Re-connected to database
Re-connected to database
Re-connected to database
Re-connected to database
Re-connected to database
Re-connected to database
Re-connected to database
Re-connected to database
Re-connected to database
Re-connected to database
Re-connected to database
Re-connected to database
Re-connected to database
Re-connected to database
Re-connected to database
Re-connected to database
Re-connected to database
Re-connected to database
Re-connected to database
Re-connected to database
Re-connected to database
Re-connected to database
Re-connected to database
Re-connected to database
Re-connected to database
Re-connected to database
Re-connected to database
Re-connected to database
Re-connected to database
Re-connected to database
Re-connected to database
Re-connected to database
Re-connected to database
Re-connected to database
Re-connected to database
Re-connected to database
Re-connected to database
Re-connected to database
Re-connected to database
Re-connected to database
Re-connected to database
Re-connected to database
Re-connected to database
Re-connected to database
Re-connected to database
Re-connected to database
Re-connected to database
Re-connected to database
Re-connected to database
Re-connected to database
Re-connected to database
Re-connected to database
Re-connected to database
Re-connected to database
Re-connected to database
Re-connected to database
Re-connected to database
Re-connected to database
Re-connected to database
Re-connected to database
Re-connected to database
Re-connected to database
Re-connected to database
Re-connected to database
Re-connected to database
Re-connected to database
Re-connected to database
Re-connected to database
Re-connected to database
Re-connected to database
Re-connected to database
Re-connected to database
Re-connected to database
Re-connected to database
Re-connected to database
Re-connected to database
Re-connected to database
Re-connected to database
Re-connected to database
Re-connected to database
Re-connected to database
Re-connected to database
Re-connected to database
Re-connected to database
Re-connected to database
Re-connected to database
Re-connected to database
Re-connected to database
Re-connected to database
Re-connected to database
Re-connected to database
Re-connected to database
Re-connected to database
Re-connected to database
Re-connected to database
Re-connected to database
Re-connected to database
Re-connected to database
Re-connected to database
Re-connected to database
Re-connected to database
Re-connected to database
Re-connected to database
Re-connected to database
Re-connected to database
Re-connected to database
Re-connected to database
Re-connected to database
Re-connected to database
Re-connected to database
Re-connected to database
Re-connected to database
Re-connected to database
Re-connected to database
Re-connected to database
Re-connected to database
Re-connected to database
Re-connected to database
Re-connected to database
Re-connected to database
Re-connected to database
Re-connected to database
Re-connected to database
Re-connected to database
Re-connected to database
Re-connected to database
Re-connected to database
Re-connected to database
Re-connected to database
Re-connected to database
Re-connected to database
Re-connected to database
Re-connected to database
Re-connected to database
Re-connected to database
Re-connected to database
Re-connected to database
Re-connected to database
Re-connected to database
Re-connected to database
Re-connected to database
Re-connected to database
Re-connected to database
Re-connected to database
Re-connected to database
Re-connected to database
Re-connected to database
Re-connected to database
Re-connected to database
Re-connected to database
Re-connected to database
Re-connected to database
Re-connected to database
Re-connected to database
Re-connected to database
Re-connected to database
Re-connected to database
Re-connected to database
Re-connected to database
Re-connected to database
Re-connected to database
Re-connected to database
Re-connected to database
Re-connected to database
Re-connected to database
Re-connected to database
Re-connected to database
Re-connected to database
Re-connected to database
Re-connected to database
Re-connected to database
Re-connected to database
Re-connected to database
Re-connected to database
Re-connected to database
Re-connected to database
Re-connected to database
Re-connected to database
Re-connected to database
Re-connected to database
Re-connected to database
Re-connected to database
Re-connected to database
Re-connected to database
Re-connected to database
Re-connected to database
Re-connected to database
Re-connected to database
Re-connected to database
Re-connected to database
Re-connected to database
Re-connected to database
Re-connected to database
Re-connected to database
Re-connected to database
Re-connected to database
Re-connected to database
Re-connected to database
Re-connected to database
Re-connected to database
Re-connected to database
Re-connected to database
Re-connected to database
Re-connected to database
Re-connected to database
Re-connected to database
Re-connected to database
Re-connected to database
Re-connected to database
Re-connected to database
Re-connected to database
Re-connected to database
Re-connected to database
Re-connected to database
Re-connected to database
Re-connected to database
Re-connected to database
Re-connected to database
Re-connected to database
Re-connected to database
Re-connected to database
Re-connected to database
Re-connected to database
Re-connected to database
Re-connected to database
Re-connected to database
Re-connected to database
Re-connected to database
Re-connected to database
Re-connected to database
Re-connected to database
Re-connected to database
Re-connected to database
Re-connected to database
Re-connected to database
Re-connected to database
Re-connected to database
Re-connected to database
Re-connected to database
Re-connected to database
Re-connected to database
Re-connected to database
Re-connected to database
Re-connected to database
Re-connected to database
Re-connected to database
Re-connected to database
Re-connected to database
Re-connected to database
Re-connected to database
Re-connected to database
Re-connected to database
Re-connected to database
Re-connected to database
Re-connected to database
Re-connected to database
Re-connected to database
Re-connected to database
Re-connected to database
Re-connected to database
Re-connected to database
Re-connected to database
Re-connected to database
Re-connected to database
Re-connected to database
Re-connected to database
Re-connected to database
Re-connected to database
Re-connected to database
Re-connected to database
Re-connected to database
Re-connected to database
Re-connected to database
Re-connected to database
Re-connected to database
Re-connected to database
Re-connected to database
Re-connected to database
Re-connected to database
Re-connected to database
Re-connected to database
Re-connected to database
Re-connected to database
Re-connected to database
Re-connected to database
Re-connected to database
Re-connected to database
Re-connected to database
Re-connected to database
Re-connected to database
Re-connected to database
Re-connected to database
Re-connected to database
Re-connected to database
Re-connected to database
Re-connected to database
Re-connected to database
Re-connected to database
Re-connected to database
Re-connected to database
Re-connected to database
Re-connected to database
Re-connected to database
Re-connected to database
Re-connected to database
Re-connected to database
Re-connected to database
Re-connected to database
Re-connected to database
Re-connected to database
Re-connected to database
Re-connected to database
Re-connected to database
Re-connected to database
Re-connected to database
Re-connected to database
Re-connected to database
Re-connected to database
Re-connected to database
Re-connected to database
Re-connected to database
Re-connected to database
Re-connected to database
Re-connected to database
Re-connected to database
Re-connected to database
Re-connected to database
Re-connected to database
Re-connected to database
Re-connected to database
Re-connected to database
Re-connected to database
Re-connected to database
Re-connected to database
Re-connected to database
Re-connected to database
Re-connected to database
Re-connected to database
Re-connected to database
Re-connected to database
Re-connected to database
Re-connected to database
Re-connected to database
Re-connected to database
Re-connected to database
Re-connected to database
Re-connected to database
Re-connected to database
Re-connected to database
Re-connected to database
Re-connected to database
Re-connected to database
Re-connected to database
Re-connected to database
Re-connected to database
Re-connected to database
Re-connected to database
Re-connected to database
Re-connected to database
Re-connected to database
Re-connected to database
Re-connected to database
Re-connected to database
Re-connected to database
Re-connected to database
Re-connected to database
Re-connected to database
Re-connected to database
Re-connected to database
Re-connected to database
Re-connected to database
Re-connected to database
Re-connected to database
Re-connected to database
Re-connected to database
Re-connected to database
Re-connected to database
Re-connected to database
Re-connected to database
Re-connected to database
Re-connected to database
Re-connected to database
Re-connected to database
Re-connected to database
Re-connected to database
Re-connected to database
Re-connected to database
Re-connected to database
Re-connected to database
Re-connected to database
Re-connected to database
Re-connected to database
Re-connected to database
Re-connected to database
Re-connected to database
Re-connected to database
Re-connected to database
Re-connected to database
Re-connected to database
Re-connected to database
Re-connected to database
Re-connected to database
Re-connected to database
Re-connected to database
Re-connected to database
Re-connected to database
Re-connected to database
Re-connected to database
Re-connected to database
Re-connected to database
Re-connected to database
Re-connected to database
Re-connected to database
Re-connected to database
Re-connected to database
Re-connected to database
Re-connected to database
Re-connected to database
Re-connected to database
Re-connected to database
Re-connected to database
Re-connected to database
Re-connected to database
Re-connected to database
Re-connected to database
Re-connected to database
Re-connected to database
Re-connected to database
Re-connected to database
Re-connected to database
Re-connected to database
Re-connected to database
Re-connected to database
Re-connected to database
Re-connected to database
Re-connected to database
Re-connected to database
Re-connected to database
Re-connected to database
Re-connected to database
Re-connected to database
Re-connected to database
Re-connected to database
Re-connected to database
Re-connected to database
Re-connected to database
Re-connected to database
Re-connected to database
Re-connected to database
Re-connected to database
Re-connected to database
Re-connected to database
Re-connected to database
Re-connected to database
Re-connected to database
Re-connected to database
Re-connected to database
Re-connected to database
Re-connected to database
Re-connected to database
Re-connected to database
Re-connected to database
Re-connected to database
Re-connected to database
Re-connected to database
Re-connected to database
Re-connected to database
Re-connected to database
Re-connected to database
Re-connected to database
Re-connected to database
Re-connected to database
Re-connected to database
Re-connected to database
Re-connected to database
Re-connected to database
Re-connected to database
Re-connected to database
Re-connected to database
Re-connected to database
Re-connected to database
Re-connected to database
Re-connected to database
Re-connected to database
Re-connected to database
Re-connected to database
Re-connected to database
Re-connected to database
Re-connected to database
Re-connected to database
Re-connected to database
Re-connected to database
Re-connected to database
Re-connected to database
Re-connected to database
Re-connected to database
Re-connected to database
Re-connected to database
Re-connected to database
Re-connected to database
Re-connected to database
Re-connected to database
Re-connected to database
Re-connected to database
